<?xml version="1.0" encoding="UTF-8"?>
<!-- Generated by org.testng.reporters.JUnitReportReporter -->
<testsuite hostname="TIBCO-PF2NGR0L" failures="0" tests="2" name="TestNGRunner" time="19.549" errors="0" timestamp="2024-12-19T15:34:52 IST" skipped="0">
  <testcase classname="TestNGRunner" name="runScenario" time="7.238"/>
  <system-out/>
  <testcase classname="TestNGRunner" name="runScenario" time="12.311"/>
  <system-out/>
</testsuite> <!-- TestNGRunner -->
